2026-03-24 10:26:02,267:DEBUG:certbot._internal.main:certbot version: 5.3.1
2026-03-24 10:26:02,267:DEBUG:certbot._internal.main:Location of certbot entry point: /opt/certbot/bin/certbot
2026-03-24 10:26:02,267:DEBUG:certbot._internal.main:Arguments: ['--config', '/etc/letsencrypt.ini', '--work-dir', '/tmp/letsencrypt-lib', '--logs-dir', '/data/logs', '--cert-name', 'npm-15', '--agree-tos', '--authenticator', 'webroot', '-m', 'marcelschwaiger0@gmail.com', '--preferred-challenges', 'http', '--domains', 'www.messerschmiede-schwaiger.at']
2026-03-24 10:26:02,267:DEBUG:certbot._internal.main:Discovered plugins: PluginsRegistry(PluginEntryPoint#manual,PluginEntryPoint#null,PluginEntryPoint#standalone,PluginEntryPoint#webroot)
2026-03-24 10:26:02,282:DEBUG:certbot._internal.log:Root logging level set at 30
2026-03-24 10:26:02,284:DEBUG:certbot._internal.plugins.selection:Requested authenticator webroot and installer None
2026-03-24 10:26:02,284:DEBUG:certbot._internal.plugins.selection:Single candidate plugin: * webroot
Description: Saves the necessary validation files to a .well-known/acme-challenge/ directory within the nominated webroot path. A separate HTTP server must be running and serving files from the webroot path. HTTP challenge only (wildcards not supported).
Interfaces: Authenticator, Plugin
Entry point: EntryPoint(name='webroot', value='certbot._internal.plugins.webroot:Authenticator', group='certbot.plugins')
Initialized: <certbot._internal.plugins.webroot.Authenticator object at 0x7f924b1a90>
Prep: True
2026-03-24 10:26:02,284:DEBUG:certbot._internal.plugins.selection:Selected authenticator <certbot._internal.plugins.webroot.Authenticator object at 0x7f924b1a90> and installer None
2026-03-24 10:26:02,284:INFO:certbot._internal.plugins.selection:Plugins selected: Authenticator webroot, Installer None
2026-03-24 10:26:02,509:DEBUG:certbot._internal.main:Picked account: <Account(RegistrationResource(body=Registration(key=None, contact=(), agreement=None, status=None, terms_of_service_agreed=None, only_return_existing=None, external_account_binding=None), uri='https://acme-v02.api.letsencrypt.org/acme/acct/3169650261', new_authzr_uri=None, terms_of_service=None), 088ea21abf289812e8d6185e2f17fa09, Meta(creation_dt=datetime.datetime(2026, 3, 22, 20, 24, 58, tzinfo=datetime.timezone.utc), creation_host='281f218b05d2', register_to_eff=None))>
2026-03-24 10:26:02,510:DEBUG:acme.client:Sending GET request to https://acme-v02.api.letsencrypt.org/directory.
2026-03-24 10:26:02,512:DEBUG:urllib3.connectionpool:Starting new HTTPS connection (1): acme-v02.api.letsencrypt.org:443
2026-03-24 10:26:03,040:DEBUG:urllib3.connectionpool:https://acme-v02.api.letsencrypt.org:443 "GET /directory HTTP/1.1" 200 1033
2026-03-24 10:26:03,041:DEBUG:acme.client:Received response:
HTTP 200
Server: nginx
Date: Tue, 24 Mar 2026 10:26:02 GMT
Content-Type: application/json
Content-Length: 1033
Connection: keep-alive
Cache-Control: public, max-age=0, no-cache
X-Frame-Options: DENY
Strict-Transport-Security: max-age=604800

{
  "QPc5DZ-HZpE": "https://community.letsencrypt.org/t/adding-random-entries-to-the-directory/33417",
  "keyChange": "https://acme-v02.api.letsencrypt.org/acme/key-change",
  "meta": {
    "caaIdentities": [
      "letsencrypt.org"
    ],
    "profiles": {
      "classic": "https://letsencrypt.org/docs/profiles#classic",
      "shortlived": "https://letsencrypt.org/docs/profiles#shortlived",
      "tlsclient": "https://letsencrypt.org/docs/profiles#tlsclient",
      "tlsserver": "https://letsencrypt.org/docs/profiles#tlsserver"
    },
    "termsOfService": "https://letsencrypt.org/documents/LE-SA-v1.6-August-18-2025.pdf",
    "website": "https://letsencrypt.org"
  },
  "newAccount": "https://acme-v02.api.letsencrypt.org/acme/new-acct",
  "newNonce": "https://acme-v02.api.letsencrypt.org/acme/new-nonce",
  "newOrder": "https://acme-v02.api.letsencrypt.org/acme/new-order",
  "renewalInfo": "https://acme-v02.api.letsencrypt.org/acme/renewal-info",
  "revokeCert": "https://acme-v02.api.letsencrypt.org/acme/revoke-cert"
}
2026-03-24 10:26:03,041:DEBUG:certbot._internal.display.obj:Notifying user: Requesting a certificate for www.messerschmiede-schwaiger.at
2026-03-24 10:26:03,048:DEBUG:acme.client:Requesting fresh nonce
2026-03-24 10:26:03,049:DEBUG:acme.client:Sending HEAD request to https://acme-v02.api.letsencrypt.org/acme/new-nonce.
2026-03-24 10:26:03,212:DEBUG:urllib3.connectionpool:https://acme-v02.api.letsencrypt.org:443 "HEAD /acme/new-nonce HTTP/1.1" 200 0
2026-03-24 10:26:03,213:DEBUG:acme.client:Received response:
HTTP 200
Server: nginx
Date: Tue, 24 Mar 2026 10:26:03 GMT
Connection: keep-alive
Cache-Control: public, max-age=0, no-cache
Link: <https://acme-v02.api.letsencrypt.org/directory>;rel="index"
Replay-Nonce: O7NrciM4MThwGew1Pn9RRcEZvUw-Qivj67_RKHqoJcsbWuLvRDE
X-Frame-Options: DENY
Strict-Transport-Security: max-age=604800


2026-03-24 10:26:03,213:DEBUG:acme.client:Storing nonce: O7NrciM4MThwGew1Pn9RRcEZvUw-Qivj67_RKHqoJcsbWuLvRDE
2026-03-24 10:26:03,213:DEBUG:acme.client:JWS payload:
b'{\n  "identifiers": [\n    {\n      "type": "dns",\n      "value": "www.messerschmiede-schwaiger.at"\n    }\n  ]\n}'
2026-03-24 10:26:03,220:DEBUG:acme.client:Sending POST request to https://acme-v02.api.letsencrypt.org/acme/new-order:
{
  "protected": "eyJhbGciOiAiUlMyNTYiLCAia2lkIjogImh0dHBzOi8vYWNtZS12MDIuYXBpLmxldHNlbmNyeXB0Lm9yZy9hY21lL2FjY3QvMzE2OTY1MDI2MSIsICJub25jZSI6ICJPN05yY2lNNE1UaHdHZXcxUG45UlJjRVp2VXctUWl2ajY3X1JLSHFvSmNzYld1THZSREUiLCAidXJsIjogImh0dHBzOi8vYWNtZS12MDIuYXBpLmxldHNlbmNyeXB0Lm9yZy9hY21lL25ldy1vcmRlciJ9",
  "signature": "km8gEb76Yfb-rRMDBHVcR9ko36VEXN63GRlCVsJWVAyf5o-VYxaURdz1EJUPQ3l02OeWUy_ZaRkbp2Lax4qd34CEzgwLF6GEdagdqtiRFyrPv1_fVfzGDe828_KfXU6FHL3507OFIxj0j-_iRBVB4djju0OkAlQFsXehvOpO2Jzize9NjJtKn-A6YBC-zHaLTohuScugEp6Zcf6Szqkc4waS2BXrUTPf3pC5Nsimf_TfvdzYtkMikty9aESsJ0dX8aAS928ZMdwxPI3IC1gi9iIALRlMikiAlH-qQXbyOZ8CO_kWHhOxA-bfCH2wOEiNw1zzI7u9izV44pUA5pqW4w",
  "payload": "ewogICJpZGVudGlmaWVycyI6IFsKICAgIHsKICAgICAgInR5cGUiOiAiZG5zIiwKICAgICAgInZhbHVlIjogInd3dy5tZXNzZXJzY2htaWVkZS1zY2h3YWlnZXIuYXQiCiAgICB9CiAgXQp9"
}
2026-03-24 10:26:03,459:DEBUG:urllib3.connectionpool:https://acme-v02.api.letsencrypt.org:443 "POST /acme/new-order HTTP/1.1" 201 363
2026-03-24 10:26:03,460:DEBUG:acme.client:Received response:
HTTP 201
Server: nginx
Date: Tue, 24 Mar 2026 10:26:03 GMT
Content-Type: application/json
Content-Length: 363
Connection: keep-alive
Boulder-Requester: 3169650261
Cache-Control: public, max-age=0, no-cache
Link: <https://acme-v02.api.letsencrypt.org/directory>;rel="index"
Location: https://acme-v02.api.letsencrypt.org/acme/order/3169650261/493763951631
Replay-Nonce: YrllWrIA0SKv-zA38I-Esqm_Va5mBKQ48kPqqQRVD7iiFBtodeg
X-Frame-Options: DENY
Strict-Transport-Security: max-age=604800

{
  "status": "ready",
  "expires": "2026-03-31T10:26:03Z",
  "identifiers": [
    {
      "type": "dns",
      "value": "www.messerschmiede-schwaiger.at"
    }
  ],
  "authorizations": [
    "https://acme-v02.api.letsencrypt.org/acme/authz/3169650261/677343559041"
  ],
  "finalize": "https://acme-v02.api.letsencrypt.org/acme/finalize/3169650261/493763951631"
}
2026-03-24 10:26:03,460:DEBUG:acme.client:Storing nonce: YrllWrIA0SKv-zA38I-Esqm_Va5mBKQ48kPqqQRVD7iiFBtodeg
2026-03-24 10:26:03,460:DEBUG:acme.client:JWS payload:
b''
2026-03-24 10:26:03,464:DEBUG:acme.client:Sending POST request to https://acme-v02.api.letsencrypt.org/acme/authz/3169650261/677343559041:
{
  "protected": "eyJhbGciOiAiUlMyNTYiLCAia2lkIjogImh0dHBzOi8vYWNtZS12MDIuYXBpLmxldHNlbmNyeXB0Lm9yZy9hY21lL2FjY3QvMzE2OTY1MDI2MSIsICJub25jZSI6ICJZcmxsV3JJQTBTS3YtekEzOEktRXNxbV9WYTVtQktRNDhrUHFxUVJWRDdpaUZCdG9kZWciLCAidXJsIjogImh0dHBzOi8vYWNtZS12MDIuYXBpLmxldHNlbmNyeXB0Lm9yZy9hY21lL2F1dGh6LzMxNjk2NTAyNjEvNjc3MzQzNTU5MDQxIn0",
  "signature": "Mf93swI8362FS0FpL4XYlnjI0JrocPQ0uiOyOxuqQagPUbRlP5VMZSGJlfeHdmXOxxmOCnm0hganyLH6kMtfgjpWW2wbktU-6HqY2mjdUZoOhiWrtkaKw6kXAmAypJnaVRTVIUjkF3GtpFxPrOOjNKtHcCJA436T6Zbn87wXuF9SgIheHruefcYtNwnFV2o57THQnDV0AbodPyHAr28qrL4_Jn_ziQYO2jf0BZn_porXyy4jvGbqDlBuv9oS8EVLCMtHxdQ5oBcWBKP_9UjJpGHHzw1nc_jwYFPrsvpdG0hJY9aJN2sYLXRN2PidpwBg2l5WE1A0zejzxTfBZcBz9Q",
  "payload": ""
}
2026-03-24 10:26:03,630:DEBUG:urllib3.connectionpool:https://acme-v02.api.letsencrypt.org:443 "POST /acme/authz/3169650261/677343559041 HTTP/1.1" 200 814
2026-03-24 10:26:03,630:DEBUG:acme.client:Received response:
HTTP 200
Server: nginx
Date: Tue, 24 Mar 2026 10:26:03 GMT
Content-Type: application/json
Content-Length: 814
Connection: keep-alive
Boulder-Requester: 3169650261
Cache-Control: public, max-age=0, no-cache
Link: <https://acme-v02.api.letsencrypt.org/directory>;rel="index"
Replay-Nonce: YrllWrIAiwQ8c249pLuF7GqImyf-9yVQVuxcLj5hqqhjddO-wQY
X-Frame-Options: DENY
Strict-Transport-Security: max-age=604800

{
  "identifier": {
    "type": "dns",
    "value": "www.messerschmiede-schwaiger.at"
  },
  "status": "valid",
  "expires": "2026-04-22T08:41:39Z",
  "challenges": [
    {
      "type": "http-01",
      "url": "https://acme-v02.api.letsencrypt.org/acme/chall/3169650261/677343559041/4eRs5w",
      "status": "valid",
      "validated": "2026-03-23T08:41:35Z",
      "token": "dpRJmdaOLprmicAsrwBgPzJad79HUN07BSDufS0u-jc",
      "validationRecord": [
        {
          "url": "http://www.messerschmiede-schwaiger.at/.well-known/acme-challenge/dpRJmdaOLprmicAsrwBgPzJad79HUN07BSDufS0u-jc",
          "hostname": "www.messerschmiede-schwaiger.at",
          "port": "80",
          "addressesResolved": [
            "81.10.134.21"
          ],
          "addressUsed": "81.10.134.21"
        }
      ]
    }
  ]
}
2026-03-24 10:26:03,631:DEBUG:acme.client:Storing nonce: YrllWrIAiwQ8c249pLuF7GqImyf-9yVQVuxcLj5hqqhjddO-wQY
2026-03-24 10:26:03,631:DEBUG:certbot._internal.client:CSR: CSR(file=None, data=b'-----BEGIN CERTIFICATE REQUEST-----\nMIIBNTCBvAIBADAAMHYwEAYHKoZIzj0CAQYFK4EEACIDYgAEEzLtr4snayl37WTq\n3QLZ6msN13BSBrYpzOnOqqdadnfFwZNmrmxHRgGn2BJchd4ZDA4xv0ARnrQNZbfk\nSVYAu9I53BkVgqFes/QvzGdsDDENZvbwm6GfdfCNd4p80EOPoD0wOwYJKoZIhvcN\nAQkOMS4wLDAqBgNVHREEIzAhgh93d3cubWVzc2Vyc2NobWllZGUtc2Nod2FpZ2Vy\nLmF0MAoGCCqGSM49BAMCA2gAMGUCMCtUCYredSzf+Nw52EaXxwRNKykeWcU/xFdH\nhKK2XzCPRTzVWnqNLYrlvyDN9oQCrgIxAJm6rRo0Q3bxodeMb3GiP8pO84Wb8Gqk\nJ+/GA3hsFBd2zZkPf1zRBpEI3JqryV9VbQ==\n-----END CERTIFICATE REQUEST-----\n', form='pem')
2026-03-24 10:26:03,631:DEBUG:certbot._internal.client:Will poll for certificate issuance until 2026-03-24 10:27:33.631618
2026-03-24 10:26:03,632:DEBUG:acme.client:JWS payload:
b'{\n  "csr": "MIIBNTCBvAIBADAAMHYwEAYHKoZIzj0CAQYFK4EEACIDYgAEEzLtr4snayl37WTq3QLZ6msN13BSBrYpzOnOqqdadnfFwZNmrmxHRgGn2BJchd4ZDA4xv0ARnrQNZbfkSVYAu9I53BkVgqFes_QvzGdsDDENZvbwm6GfdfCNd4p80EOPoD0wOwYJKoZIhvcNAQkOMS4wLDAqBgNVHREEIzAhgh93d3cubWVzc2Vyc2NobWllZGUtc2Nod2FpZ2VyLmF0MAoGCCqGSM49BAMCA2gAMGUCMCtUCYredSzf-Nw52EaXxwRNKykeWcU_xFdHhKK2XzCPRTzVWnqNLYrlvyDN9oQCrgIxAJm6rRo0Q3bxodeMb3GiP8pO84Wb8GqkJ-_GA3hsFBd2zZkPf1zRBpEI3JqryV9VbQ"\n}'
2026-03-24 10:26:03,636:DEBUG:acme.client:Sending POST request to https://acme-v02.api.letsencrypt.org/acme/finalize/3169650261/493763951631:
{
  "protected": "eyJhbGciOiAiUlMyNTYiLCAia2lkIjogImh0dHBzOi8vYWNtZS12MDIuYXBpLmxldHNlbmNyeXB0Lm9yZy9hY21lL2FjY3QvMzE2OTY1MDI2MSIsICJub25jZSI6ICJZcmxsV3JJQWl3UThjMjQ5cEx1RjdHcUlteWYtOXlWUVZ1eGNMajVocXFoamRkTy13UVkiLCAidXJsIjogImh0dHBzOi8vYWNtZS12MDIuYXBpLmxldHNlbmNyeXB0Lm9yZy9hY21lL2ZpbmFsaXplLzMxNjk2NTAyNjEvNDkzNzYzOTUxNjMxIn0",
  "signature": "j4i0g7gtvOGFeYFtEMEskP2hcpNH1t7v4FRSIQtlozswaGaaXN4PwuLVZgT1XDv8Tmfkb0Tiok3ggt9ihNyivvVsgNHJ7ZTMyy-rTDv8EEcCeFmg7X5FXr9GnSmJGNiNJNZXAywKX-gEF2kA7aWp_X46ZoKl0_g4giLUwGwsCozigoRdhUkTnawToX3FOfMtB4Q9o4mCH6Bx0Yyez0ng8NuCZZq1XBuuxmFKPzkOBFJgL1546EWZrOvVdTQg1zUXCRTsbBhZeEY0Vw7-G2VGyoKuTfxZxN-bbbK1Uc4M0o2iJKR9E1pGlc4Chzy0GSNc2RTYIVl-KkBy8RxqIZn-sQ",
  "payload": "ewogICJjc3IiOiAiTUlJQk5UQ0J2QUlCQURBQU1IWXdFQVlIS29aSXpqMENBUVlGSzRFRUFDSURZZ0FFRXpMdHI0c25heWwzN1dUcTNRTFo2bXNOMTNCU0JyWXB6T25PcXFkYWRuZkZ3Wk5tcm14SFJnR24yQkpjaGQ0WkRBNHh2MEFSbnJRTlpiZmtTVllBdTlJNTNCa1ZncUZlc19RdnpHZHNEREVOWnZid202R2ZkZkNOZDRwODBFT1BvRDB3T3dZSktvWklodmNOQVFrT01TNHdMREFxQmdOVkhSRUVJekFoZ2g5M2QzY3ViV1Z6YzJWeWMyTm9iV2xsWkdVdGMyTm9kMkZwWjJWeUxtRjBNQW9HQ0NxR1NNNDlCQU1DQTJnQU1HVUNNQ3RVQ1lyZWRTemYtTnc1MkVhWHh3Uk5LeWtlV2NVX3hGZEhoS0syWHpDUFJUelZXbnFOTFlybHZ5RE45b1FDcmdJeEFKbTZyUm8wUTNieG9kZU1iM0dpUDhwTzg0V2I4R3FrSi1fR0EzaHNGQmQyelprUGYxelJCcEVJM0pxcnlWOVZiUSIKfQ"
}
2026-03-24 10:26:06,935:DEBUG:urllib3.connectionpool:https://acme-v02.api.letsencrypt.org:443 "POST /acme/finalize/3169650261/493763951631 HTTP/1.1" 200 467
2026-03-24 10:26:06,935:DEBUG:acme.client:Received response:
HTTP 200
Server: nginx
Date: Tue, 24 Mar 2026 10:26:06 GMT
Content-Type: application/json
Content-Length: 467
Connection: keep-alive
Boulder-Requester: 3169650261
Cache-Control: public, max-age=0, no-cache
Link: <https://acme-v02.api.letsencrypt.org/directory>;rel="index"
Location: https://acme-v02.api.letsencrypt.org/acme/order/3169650261/493763951631
Replay-Nonce: YrllWrIA8GgZhZ613IUmMOJHwk2iFA-mYwuJAwGNUA19mFLUl4M
X-Frame-Options: DENY
Strict-Transport-Security: max-age=604800

{
  "status": "valid",
  "expires": "2026-03-31T10:26:03Z",
  "identifiers": [
    {
      "type": "dns",
      "value": "www.messerschmiede-schwaiger.at"
    }
  ],
  "authorizations": [
    "https://acme-v02.api.letsencrypt.org/acme/authz/3169650261/677343559041"
  ],
  "finalize": "https://acme-v02.api.letsencrypt.org/acme/finalize/3169650261/493763951631",
  "certificate": "https://acme-v02.api.letsencrypt.org/acme/cert/0569dedb457a172735970aa27c33f10b5665"
}
2026-03-24 10:26:06,936:DEBUG:acme.client:Storing nonce: YrllWrIA8GgZhZ613IUmMOJHwk2iFA-mYwuJAwGNUA19mFLUl4M
2026-03-24 10:26:07,936:DEBUG:acme.client:JWS payload:
b''
2026-03-24 10:26:07,943:DEBUG:acme.client:Sending POST request to https://acme-v02.api.letsencrypt.org/acme/order/3169650261/493763951631:
{
  "protected": "eyJhbGciOiAiUlMyNTYiLCAia2lkIjogImh0dHBzOi8vYWNtZS12MDIuYXBpLmxldHNlbmNyeXB0Lm9yZy9hY21lL2FjY3QvMzE2OTY1MDI2MSIsICJub25jZSI6ICJZcmxsV3JJQThHZ1poWjYxM0lVbU1PSkh3azJpRkEtbVl3dUpBd0dOVUExOW1GTFVsNE0iLCAidXJsIjogImh0dHBzOi8vYWNtZS12MDIuYXBpLmxldHNlbmNyeXB0Lm9yZy9hY21lL29yZGVyLzMxNjk2NTAyNjEvNDkzNzYzOTUxNjMxIn0",
  "signature": "WOEccecEPmePZtzC1oBewKfh347dxrn9dPeMnoBfKZ-XOHBxLdAnMdr4BqPe9EkdXRs26ApzA94xqbgzX6iuGOTATEW5s_MGUzBENuBPuEMEP4iXGQPG22AcdZb_ejg70UgoffiNfwstJKHMhrmMiSPnsaa-bZDIvjUlCBLdgbdJZBfM-9Gi10w-dtbvJo6R3zyjl9-MfwKqcRmhSfGQ1qYPLvhWtJIkArPjnKcEBZoL1Pdkjr9IgzBmVOb_6tDLo5aiu1Zg01Taa9LxiavqLflwcPCqdmJsuJxr185PzuuXvPx_eqD4UEEfArFOu6E8K4j3fmCfnyLyUIVILlLzuw",
  "payload": ""
}
2026-03-24 10:26:08,112:DEBUG:urllib3.connectionpool:https://acme-v02.api.letsencrypt.org:443 "POST /acme/order/3169650261/493763951631 HTTP/1.1" 200 467
2026-03-24 10:26:08,112:DEBUG:acme.client:Received response:
HTTP 200
Server: nginx
Date: Tue, 24 Mar 2026 10:26:08 GMT
Content-Type: application/json
Content-Length: 467
Connection: keep-alive
Cache-Control: public, max-age=0, no-cache
Link: <https://acme-v02.api.letsencrypt.org/directory>;rel="index"
Location: https://acme-v02.api.letsencrypt.org/acme/order/3169650261/493763951631
Replay-Nonce: YrllWrIAZPBMBqyQ6nLEO7sQtdwlcx-ypNvHMLOzWe1Dk9Op2iU
X-Frame-Options: DENY
Strict-Transport-Security: max-age=604800

{
  "status": "valid",
  "expires": "2026-03-31T10:26:03Z",
  "identifiers": [
    {
      "type": "dns",
      "value": "www.messerschmiede-schwaiger.at"
    }
  ],
  "authorizations": [
    "https://acme-v02.api.letsencrypt.org/acme/authz/3169650261/677343559041"
  ],
  "finalize": "https://acme-v02.api.letsencrypt.org/acme/finalize/3169650261/493763951631",
  "certificate": "https://acme-v02.api.letsencrypt.org/acme/cert/0569dedb457a172735970aa27c33f10b5665"
}
2026-03-24 10:26:08,112:DEBUG:acme.client:Storing nonce: YrllWrIAZPBMBqyQ6nLEO7sQtdwlcx-ypNvHMLOzWe1Dk9Op2iU
2026-03-24 10:26:08,113:DEBUG:acme.client:JWS payload:
b''
2026-03-24 10:26:08,119:DEBUG:acme.client:Sending POST request to https://acme-v02.api.letsencrypt.org/acme/cert/0569dedb457a172735970aa27c33f10b5665:
{
  "protected": "eyJhbGciOiAiUlMyNTYiLCAia2lkIjogImh0dHBzOi8vYWNtZS12MDIuYXBpLmxldHNlbmNyeXB0Lm9yZy9hY21lL2FjY3QvMzE2OTY1MDI2MSIsICJub25jZSI6ICJZcmxsV3JJQVpQQk1CcXlRNm5MRU83c1F0ZHdsY3gteXBOdkhNTE96V2UxRGs5T3AyaVUiLCAidXJsIjogImh0dHBzOi8vYWNtZS12MDIuYXBpLmxldHNlbmNyeXB0Lm9yZy9hY21lL2NlcnQvMDU2OWRlZGI0NTdhMTcyNzM1OTcwYWEyN2MzM2YxMGI1NjY1In0",
  "signature": "VAjEgRz0L3ApV8ZyN-sgFDPaXu2sqGlGWuD2YmPa8kINtB0MDemnFx_qHBjY_FqUk3OSu24uX9nYDzimv9vBx1YzGJJ45faSqn3OyLgtL5DufUEF9WFuXdmkN6Jefehu898SyyW6zS1e6Swm7uAKZdxL61P6tN_arqppwAOqy-21IvPIZe_u95edeWWdGuhL5q-UEMYVQK-qwPLuKog2_emB9cMrI6DwtMN5lHm5L7a7JzmYwTK_qzljuz2Lz3cNJ4-OxrWDqjMisSgM94YkOziUl2E5PLhV0-ZJXHUFD6JxnZeuwsuy0XkffVoeatgOg1PAd0IVTHBxSdHlxRb1BQ",
  "payload": ""
}
2026-03-24 10:26:08,298:DEBUG:urllib3.connectionpool:https://acme-v02.api.letsencrypt.org:443 "POST /acme/cert/0569dedb457a172735970aa27c33f10b5665 HTTP/1.1" 200 2926
2026-03-24 10:26:08,298:DEBUG:acme.client:Received response:
HTTP 200
Server: nginx
Date: Tue, 24 Mar 2026 10:26:08 GMT
Content-Type: application/pem-certificate-chain
Content-Length: 2926
Connection: keep-alive
Cache-Control: public, max-age=0, no-cache
Link: <https://acme-v02.api.letsencrypt.org/directory>;rel="index", <https://acme-v02.api.letsencrypt.org/acme/cert/0569dedb457a172735970aa27c33f10b5665/1>;rel="alternate"
Replay-Nonce: O7NrciM4AXK0PplB_1bjbg1Ncg7eLPdTUxye3hjaGWO2NhBYQ9A
X-Frame-Options: DENY
Strict-Transport-Security: max-age=604800

-----BEGIN CERTIFICATE-----
MIIDvzCCA0agAwIBAgISBWne20V6Fyc1lwqifDPxC1ZlMAoGCCqGSM49BAMDMDIx
CzAJBgNVBAYTAlVTMRYwFAYDVQQKEw1MZXQncyBFbmNyeXB0MQswCQYDVQQDEwJF
ODAeFw0yNjAzMjQwOTI3MzRaFw0yNjA2MjIwOTI3MzNaMCoxKDAmBgNVBAMTH3d3
dy5tZXNzZXJzY2htaWVkZS1zY2h3YWlnZXIuYXQwdjAQBgcqhkjOPQIBBgUrgQQA
IgNiAAQTMu2viydrKXftZOrdAtnqaw3XcFIGtinM6c6qp1p2d8XBk2aubEdGAafY
ElyF3hkMDjG/QBGetA1lt+RJVgC70jncGRWCoV6z9C/MZ2wMMQ1m9vCboZ918I13
inzQQ4+jggIlMIICITAOBgNVHQ8BAf8EBAMCB4AwEwYDVR0lBAwwCgYIKwYBBQUH
AwEwDAYDVR0TAQH/BAIwADAdBgNVHQ4EFgQUH3/YIS6FG9mT5mL61sOXymCiNccw
HwYDVR0jBBgwFoAUjw0TovYuftFQbDMYOF1ZjiNykcowMgYIKwYBBQUHAQEEJjAk
MCIGCCsGAQUFBzAChhZodHRwOi8vZTguaS5sZW5jci5vcmcvMCoGA1UdEQQjMCGC
H3d3dy5tZXNzZXJzY2htaWVkZS1zY2h3YWlnZXIuYXQwEwYDVR0gBAwwCjAIBgZn
gQwBAgEwLgYDVR0fBCcwJTAjoCGgH4YdaHR0cDovL2U4LmMubGVuY3Iub3JnLzEw
Mi5jcmwwggEFBgorBgEEAdZ5AgQCBIH2BIHzAPEAdwCWl2S/VViXrfdDh2g3CEJ3
6fA61fak8zZuRqQ/D8qpxgAAAZ0fYVEWAAAEAwBIMEYCIQDRsbRmeh7G4qhRi0Y2
MRIcWNKBFLhF3q1J1Myxf94pFQIhALQb/M/FzmpDyk0dpRKME8e6pHHzD0sgEDah
KPwTtcTCAHYAZBHEbKQS7KeJHKICLgC8q08oB9QeNSer6v7VA8l9zfAAAAGdH2FY
mgAABAMARzBFAiAIpij74HjOCZmvovISbkZ9k495tPBuS2bmF7lwu9IBcQIhAMu1
dXlDEQMNNpacKNNL3r1snpfiMa/kocD8wx+uXoeUMAoGCCqGSM49BAMDA2cAMGQC
MAC3z6EuTnXDcu67NGvs+5uxX1bplZ5OTDVncvEpLZbAn9I2f/3TxUWIcR3kIrRV
QAIwEp7sLuL5zIvlMXmAB7twEkD3vpeWAd3wOMF40fqPRL4o9xvw9YlkItAMWNHJ
FM3r
-----END CERTIFICATE-----

-----BEGIN CERTIFICATE-----
MIIEVjCCAj6gAwIBAgIQY5WTY8JOcIJxWRi/w9ftVjANBgkqhkiG9w0BAQsFADBP
MQswCQYDVQQGEwJVUzEpMCcGA1UEChMgSW50ZXJuZXQgU2VjdXJpdHkgUmVzZWFy
Y2ggR3JvdXAxFTATBgNVBAMTDElTUkcgUm9vdCBYMTAeFw0yNDAzMTMwMDAwMDBa
Fw0yNzAzMTIyMzU5NTlaMDIxCzAJBgNVBAYTAlVTMRYwFAYDVQQKEw1MZXQncyBF
bmNyeXB0MQswCQYDVQQDEwJFODB2MBAGByqGSM49AgEGBSuBBAAiA2IABNFl8l7c
S7QMApzSsvru6WyrOq44ofTUOTIzxULUzDMMNMchIJBwXOhiLxxxs0LXeb5GDcHb
R6EToMffgSZjO9SNHfY9gjMy9vQr5/WWOrQTZxh7az6NSNnq3u2ubT6HTKOB+DCB
9TAOBgNVHQ8BAf8EBAMCAYYwHQYDVR0lBBYwFAYIKwYBBQUHAwIGCCsGAQUFBwMB
MBIGA1UdEwEB/wQIMAYBAf8CAQAwHQYDVR0OBBYEFI8NE6L2Ln7RUGwzGDhdWY4j
cpHKMB8GA1UdIwQYMBaAFHm0WeZ7tuXkAXOACIjIGlj26ZtuMDIGCCsGAQUFBwEB
BCYwJDAiBggrBgEFBQcwAoYWaHR0cDovL3gxLmkubGVuY3Iub3JnLzATBgNVHSAE
DDAKMAgGBmeBDAECATAnBgNVHR8EIDAeMBygGqAYhhZodHRwOi8veDEuYy5sZW5j
ci5vcmcvMA0GCSqGSIb3DQEBCwUAA4ICAQBnE0hGINKsCYWi0Xx1ygxD5qihEjZ0
RI3tTZz1wuATH3ZwYPIp97kWEayanD1j0cDhIYzy4CkDo2jB8D5t0a6zZWzlr98d
AQFNh8uKJkIHdLShy+nUyeZxc5bNeMp1Lu0gSzE4McqfmNMvIpeiwWSYO9w82Ob8
otvXcO2JUYi3svHIWRm3+707DUbL51XMcY2iZdlCq4Wa9nbuk3WTU4gr6LY8MzVA
aDQG2+4U3eJ6qUF10bBnR1uuVyDYs9RhrwucRVnfuDj29CMLTsplM5f5wSV5hUpm
Uwp/vV7M4w4aGunt74koX71n4EdagCsL/Yk5+mAQU0+tue0JOfAV/R6t1k+Xk9s2
HMQFeoxppfzAVC04FdG9M+AC2JWxmFSt6BCuh3CEey3fE52Qrj9YM75rtvIjsm/1
Hl+u//Wqxnu1ZQ4jpa+VpuZiGOlWrqSP9eogdOhCGisnyewWJwRQOqK16wiGyZeR
xs/Bekw65vwSIaVkBruPiTfMOo0Zh4gVa8/qJgMbJbyrwwG97z/PRgmLKCDl8z3d
tA0Z7qq7fta0Gl24uyuB05dqI5J1LvAzKuWdIjT1tP8qCoxSE/xpix8hX2dt3h+/
jujUgFPFZ0EVZ0xSyBNRF3MboGZnYXFUxpNjTWPKpagDHJQmqrAcDmWJnMsFY3jS
u1igv3OefnWjSQ==
-----END CERTIFICATE-----

2026-03-24 10:26:08,299:DEBUG:acme.client:Storing nonce: O7NrciM4AXK0PplB_1bjbg1Ncg7eLPdTUxye3hjaGWO2NhBYQ9A
2026-03-24 10:26:08,299:DEBUG:acme.client:JWS payload:
b''
2026-03-24 10:26:08,305:DEBUG:acme.client:Sending POST request to https://acme-v02.api.letsencrypt.org/acme/cert/0569dedb457a172735970aa27c33f10b5665/1:
{
  "protected": "eyJhbGciOiAiUlMyNTYiLCAia2lkIjogImh0dHBzOi8vYWNtZS12MDIuYXBpLmxldHNlbmNyeXB0Lm9yZy9hY21lL2FjY3QvMzE2OTY1MDI2MSIsICJub25jZSI6ICJPN05yY2lNNEFYSzBQcGxCXzFiamJnMU5jZzdlTFBkVFV4eWUzaGphR1dPMk5oQllROUEiLCAidXJsIjogImh0dHBzOi8vYWNtZS12MDIuYXBpLmxldHNlbmNyeXB0Lm9yZy9hY21lL2NlcnQvMDU2OWRlZGI0NTdhMTcyNzM1OTcwYWEyN2MzM2YxMGI1NjY1LzEifQ",
  "signature": "H76Z2S8CIUyHmXKqKRJCYyeD5sHr47RTVUbHUNfIBtSLUhq15ytyC0ns7zMPFcyswDQHx-jmb0D0LSQ3PxBGtViOp6djnPUJkZEx4b6Zqwg9mwXOPwY-HCxciZs970yp6gQ7GaiBibr8mM0rw_kKh-Jq9lGNsIhYRaLK61kmemak1K2SNXQKhZDFOSG93WizD5RpwgPRHFehVq319IIGA4tGpPBeH2FOeENxAPOAPUT9fw3vsPSbb9h_jtS55qh3YuV3jPjGur6AdQPI-1nWclBsKbQA9Th6_Mx0p1tgHIw3Qbw51Ha0yY2tgyInkxJvOwaJHkfOTf_osRFQIZjvGw",
  "payload": ""
}
2026-03-24 10:26:08,473:DEBUG:urllib3.connectionpool:https://acme-v02.api.letsencrypt.org:443 "POST /acme/cert/0569dedb457a172735970aa27c33f10b5665/1 HTTP/1.1" 200 2361
2026-03-24 10:26:08,473:DEBUG:acme.client:Received response:
HTTP 200
Server: nginx
Date: Tue, 24 Mar 2026 10:26:08 GMT
Content-Type: application/pem-certificate-chain
Content-Length: 2361
Connection: keep-alive
Cache-Control: public, max-age=0, no-cache
Link: <https://acme-v02.api.letsencrypt.org/directory>;rel="index", <https://acme-v02.api.letsencrypt.org/acme/cert/0569dedb457a172735970aa27c33f10b5665/0>;rel="alternate"
Replay-Nonce: YrllWrIATZTef8pW5AwQo1oNOPbRFNx2_xUYpznEn1ccBEq5nyU
X-Frame-Options: DENY
Strict-Transport-Security: max-age=604800

-----BEGIN CERTIFICATE-----
MIIDvzCCA0agAwIBAgISBWne20V6Fyc1lwqifDPxC1ZlMAoGCCqGSM49BAMDMDIx
CzAJBgNVBAYTAlVTMRYwFAYDVQQKEw1MZXQncyBFbmNyeXB0MQswCQYDVQQDEwJF
ODAeFw0yNjAzMjQwOTI3MzRaFw0yNjA2MjIwOTI3MzNaMCoxKDAmBgNVBAMTH3d3
dy5tZXNzZXJzY2htaWVkZS1zY2h3YWlnZXIuYXQwdjAQBgcqhkjOPQIBBgUrgQQA
IgNiAAQTMu2viydrKXftZOrdAtnqaw3XcFIGtinM6c6qp1p2d8XBk2aubEdGAafY
ElyF3hkMDjG/QBGetA1lt+RJVgC70jncGRWCoV6z9C/MZ2wMMQ1m9vCboZ918I13
inzQQ4+jggIlMIICITAOBgNVHQ8BAf8EBAMCB4AwEwYDVR0lBAwwCgYIKwYBBQUH
AwEwDAYDVR0TAQH/BAIwADAdBgNVHQ4EFgQUH3/YIS6FG9mT5mL61sOXymCiNccw
HwYDVR0jBBgwFoAUjw0TovYuftFQbDMYOF1ZjiNykcowMgYIKwYBBQUHAQEEJjAk
MCIGCCsGAQUFBzAChhZodHRwOi8vZTguaS5sZW5jci5vcmcvMCoGA1UdEQQjMCGC
H3d3dy5tZXNzZXJzY2htaWVkZS1zY2h3YWlnZXIuYXQwEwYDVR0gBAwwCjAIBgZn
gQwBAgEwLgYDVR0fBCcwJTAjoCGgH4YdaHR0cDovL2U4LmMubGVuY3Iub3JnLzEw
Mi5jcmwwggEFBgorBgEEAdZ5AgQCBIH2BIHzAPEAdwCWl2S/VViXrfdDh2g3CEJ3
6fA61fak8zZuRqQ/D8qpxgAAAZ0fYVEWAAAEAwBIMEYCIQDRsbRmeh7G4qhRi0Y2
MRIcWNKBFLhF3q1J1Myxf94pFQIhALQb/M/FzmpDyk0dpRKME8e6pHHzD0sgEDah
KPwTtcTCAHYAZBHEbKQS7KeJHKICLgC8q08oB9QeNSer6v7VA8l9zfAAAAGdH2FY
mgAABAMARzBFAiAIpij74HjOCZmvovISbkZ9k495tPBuS2bmF7lwu9IBcQIhAMu1
dXlDEQMNNpacKNNL3r1snpfiMa/kocD8wx+uXoeUMAoGCCqGSM49BAMDA2cAMGQC
MAC3z6EuTnXDcu67NGvs+5uxX1bplZ5OTDVncvEpLZbAn9I2f/3TxUWIcR3kIrRV
QAIwEp7sLuL5zIvlMXmAB7twEkD3vpeWAd3wOMF40fqPRL4o9xvw9YlkItAMWNHJ
FM3r
-----END CERTIFICATE-----

-----BEGIN CERTIFICATE-----
MIICtTCCAjugAwIBAgIQfo8UX4exWTMtf9QIK4JraTAKBggqhkjOPQQDAzBPMQsw
CQYDVQQGEwJVUzEpMCcGA1UEChMgSW50ZXJuZXQgU2VjdXJpdHkgUmVzZWFyY2gg
R3JvdXAxFTATBgNVBAMTDElTUkcgUm9vdCBYMjAeFw0yNDAzMTMwMDAwMDBaFw0y
NzAzMTIyMzU5NTlaMDIxCzAJBgNVBAYTAlVTMRYwFAYDVQQKEw1MZXQncyBFbmNy
eXB0MQswCQYDVQQDEwJFODB2MBAGByqGSM49AgEGBSuBBAAiA2IABNFl8l7cS7QM
ApzSsvru6WyrOq44ofTUOTIzxULUzDMMNMchIJBwXOhiLxxxs0LXeb5GDcHbR6ET
oMffgSZjO9SNHfY9gjMy9vQr5/WWOrQTZxh7az6NSNnq3u2ubT6HTKOB+DCB9TAO
BgNVHQ8BAf8EBAMCAYYwHQYDVR0lBBYwFAYIKwYBBQUHAwIGCCsGAQUFBwMBMBIG
A1UdEwEB/wQIMAYBAf8CAQAwHQYDVR0OBBYEFI8NE6L2Ln7RUGwzGDhdWY4jcpHK
MB8GA1UdIwQYMBaAFHxClq7eS0g7+pL4nozPbYupcjeVMDIGCCsGAQUFBwEBBCYw
JDAiBggrBgEFBQcwAoYWaHR0cDovL3gyLmkubGVuY3Iub3JnLzATBgNVHSAEDDAK
MAgGBmeBDAECATAnBgNVHR8EIDAeMBygGqAYhhZodHRwOi8veDIuYy5sZW5jci5v
cmcvMAoGCCqGSM49BAMDA2gAMGUCMQClsUNJdX36GE+o2yDf7L02m3P3ElVWRLls
5ZyLYPjcNamBxRB9gZYoj24mGZtP3GkCMASZcALg6kpScomqIIjVHXRUQ500cdl4
4n7fhxwokLo/lVlO8YyHwAi7ejTHtvw9Vg==
-----END CERTIFICATE-----

2026-03-24 10:26:08,473:DEBUG:acme.client:Storing nonce: YrllWrIATZTef8pW5AwQo1oNOPbRFNx2_xUYpznEn1ccBEq5nyU
2026-03-24 10:26:08,474:INFO:certbot._internal.client:Non-standard path(s), might not work with crontab installed by your operating system package manager
2026-03-24 10:26:08,475:DEBUG:certbot._internal.storage:Creating directory /etc/letsencrypt/archive/npm-15.
2026-03-24 10:26:08,475:DEBUG:certbot._internal.storage:Creating directory /etc/letsencrypt/live/npm-15.
2026-03-24 10:26:08,475:DEBUG:certbot._internal.storage:Writing certificate to /etc/letsencrypt/live/npm-15/cert.pem.
2026-03-24 10:26:08,476:DEBUG:certbot._internal.storage:Writing private key to /etc/letsencrypt/live/npm-15/privkey.pem.
2026-03-24 10:26:08,476:DEBUG:certbot._internal.storage:Writing chain to /etc/letsencrypt/live/npm-15/chain.pem.
2026-03-24 10:26:08,476:DEBUG:certbot._internal.storage:Writing full chain to /etc/letsencrypt/live/npm-15/fullchain.pem.
2026-03-24 10:26:08,476:DEBUG:certbot._internal.storage:Writing README to /etc/letsencrypt/live/npm-15/README.
2026-03-24 10:26:08,487:DEBUG:certbot.configuration:Var account=088ea21abf289812e8d6185e2f17fa09 (set by user).
2026-03-24 10:26:08,488:DEBUG:certbot.configuration:Var key_type=ecdsa (set by user).
2026-03-24 10:26:08,488:DEBUG:certbot.configuration:Var elliptic_curve=secp384r1 (set by user).
2026-03-24 10:26:08,488:DEBUG:certbot.configuration:Var preferred_chain=ISRG Root X1 (set by user).
2026-03-24 10:26:08,488:DEBUG:certbot.configuration:Var pref_challs=['http-01'] (set by user).
2026-03-24 10:26:08,488:DEBUG:certbot.configuration:Var config_dir=/etc/letsencrypt (set by user).
2026-03-24 10:26:08,488:DEBUG:certbot.configuration:Var work_dir=/tmp/letsencrypt-lib (set by user).
2026-03-24 10:26:08,488:DEBUG:certbot.configuration:Var logs_dir=/data/logs (set by user).
2026-03-24 10:26:08,489:DEBUG:certbot._internal.plugins.selection:Requested authenticator webroot and installer None
2026-03-24 10:26:08,489:DEBUG:certbot._internal.plugins.selection:Requested authenticator webroot and installer None
2026-03-24 10:26:08,489:DEBUG:certbot.configuration:Var webroot_path=['/data/letsencrypt-acme-challenge'] (set by user).
2026-03-24 10:26:08,489:DEBUG:certbot.configuration:Var webroot_path=['/data/letsencrypt-acme-challenge'] (set by user).
2026-03-24 10:26:08,489:DEBUG:certbot.configuration:Var webroot_map={'webroot_path'} (set by user).
2026-03-24 10:26:08,491:DEBUG:certbot._internal.display.obj:Notifying user: 
Successfully received certificate.
Certificate is saved at: /etc/letsencrypt/live/npm-15/fullchain.pem
Key is saved at:         /etc/letsencrypt/live/npm-15/privkey.pem
This certificate expires on 2026-06-22.
These files will be updated when the certificate renews.
2026-03-24 10:26:08,491:DEBUG:certbot._internal.display.obj:Notifying user: NEXT STEPS:
2026-03-24 10:26:08,491:DEBUG:certbot._internal.display.obj:Notifying user: - The certificate will need to be renewed before it expires. Certbot can automatically renew the certificate in the background, but you may need to take steps to enable that functionality. See https://certbot.org/renewal-setup for instructions.
2026-03-24 10:26:08,494:DEBUG:certbot._internal.display.obj:Notifying user: If you like Certbot, please consider supporting our work by:
 * Donating to ISRG / Let's Encrypt:   https://letsencrypt.org/donate
 * Donating to EFF:                    https://eff.org/donate-le
